<?xml version="1.0" encoding="UTF-8"?>
<!-- Generated by org.testng.reporters.JUnitXMLReporter -->
<testsuite ignored="5" hostname="Air-Anastasia.lan" failures="0" tests="1" name="Surefire test" time="5.167" errors="0" timestamp="2026-03-02T11:55:39 MSK">
  <testcase classname="in.reqres.APITests" name="firstTest" time="4.939"/>
  <testcase classname="in.reqres.APITests" name="firstTest4" time="0.0">
    <ignored/>
  </testcase> <!-- firstTest4 -->
  <testcase classname="in.reqres.APITests" name="dtoSpecDefaultTest" time="0.0">
    <ignored/>
  </testcase> <!-- dtoSpecDefaultTest -->
  <testcase classname="in.reqres.APITests" name="firstTest3" time="0.0">
    <ignored/>
  </testcase> <!-- firstTest3 -->
  <testcase classname="in.reqres.APITests" name="firstTest2" time="0.0">
    <ignored/>
  </testcase> <!-- firstTest2 -->
  <testcase classname="in.reqres.APITests" name="specTest" time="0.0">
    <ignored/>
  </testcase> <!-- specTest -->
</testsuite> <!-- Surefire test -->
