<?xml version="1.0" encoding="UTF-8"?>
<testsuite xmlns:xsi="http://www.w3.org/2001/XMLSchema-instance" xsi:noNamespaceSchemaLocation="https://maven.apache.org/surefire/maven-surefire-plugin/xsd/surefire-test-report-3.0.xsd" version="3.0" name="in.reqres.APITests" time="7.653" tests="1" errors="0" skipped="0" failures="0">
  <properties>
[...]
</properties>
  <testcase name="firstTest" classname="in.reqres.APITests" time="5.08">
    <system-out><![CDATA[HTTP/1.1 200 OK
Date: Mon, 02 Mar 2026 08:55:37 GMT
Content-Type: application/json; charset=utf-8
Transfer-Encoding: chunked
Connection: keep-alive
Access-Control-Allow-Credentials: true
Access-Control-Allow-Headers: Origin, X-Requested-With, Content-Type, Accept, Authorization, x-api-key
Access-Control-Allow-Methods: GET, POST, PUT, DELETE, OPTIONS
Access-Control-Allow-Origin: http://localhost:5173
Cache-Control: no-store
Etag: W/"5c9-KFuFxlu1/KCqT8RwCyTJmKYf8Rs"
Nel: {"report_to":"heroku-nel","response_headers":["Via"],"max_age":3600,"success_fraction":0.01,"failure_fraction":0.1}
Ratelimit-Limit: 20
Ratelimit-Policy: 20;w=60
Ratelimit-Remaining: 19
Ratelimit-Reset: 60
Referrer-Policy: strict-origin-when-cross-origin
Report-To: {"group":"heroku-nel","endpoints":[{"url":"https://nel.heroku.com/reports?s=WTdf2VQ40XDGtrTD5aPaqtaFMQmfPDlRvmPnhOh8Hxs%3D\u0026sid=c4c9725f-1ab0-44d8-820f-430df2718e11\u0026ts=1772441737"}],"max_age":3600}
Reporting-Endpoints: heroku-nel="https://nel.heroku.com/reports?s=WTdf2VQ40XDGtrTD5aPaqtaFMQmfPDlRvmPnhOh8Hxs%3D&sid=c4c9725f-1ab0-44d8-820f-430df2718e11&ts=1772441737"
Server: cloudflare
Vary: Origin
Via: 1.1 heroku-router
X-Content-Type-Options: nosniff
X-Frame-Options: DENY
X-Powered-By: ReqRes.in - Deploy backends in 30 seconds
X-Ratelimit-Limit: 250
X-Ratelimit-Remaining: 208
X-Ratelimit-Reset: 1772496000
X-Reqres-Docs: https://reqres.in
X-Reqres-Message: This API is powered by ReqRes. Deploy your own backend in 30 seconds!
X-Reqres-Templates: https://app.reqres.in/templates
X-Reqres-Tip: Create your own API with custom data - app.reqres.in/dashboard
X-Reqres-Trial: true
X-Reqres-Trial-Days-Remaining: 14
X-Reqres-Trial-Expires: 2026-03-16T07:50:46.963Z
X-Reqres-Upgrade: https://app.reqres.in/upgrade
X-Request-Id: f05c531e-c9fb-3950-9ab6-deb5b0aebb45
X-Robots-Tag: noindex, nofollow
X-Xss-Protection: 1; mode=block
cf-cache-status: BYPASS
Content-Encoding: gzip
CF-RAY: 9d5f2efa7987f112-DME

{
    "page": 2,
    "per_page": 6,
    "total": 12,
    "total_pages": 2,
    "data": [
        {
            "id": 7,
            "email": "michael.lawson@reqres.in",
            "first_name": "Michael",
            "last_name": "Lawson",
            "avatar": "https://reqres.in/img/faces/7-image.jpg"
        },
        {
            "id": 8,
            "email": "lindsay.ferguson@reqres.in",
            "first_name": "Lindsay",
            "last_name": "Ferguson",
            "avatar": "https://reqres.in/img/faces/8-image.jpg"
        },
        {
            "id": 9,
            "email": "tobias.funke@reqres.in",
            "first_name": "Tobias",
            "last_name": "Funke",
            "avatar": "https://reqres.in/img/faces/9-image.jpg"
        },
        {
            "id": 10,
            "email": "byron.fields@reqres.in",
            "first_name": "Byron",
            "last_name": "Fields",
            "avatar": "https://reqres.in/img/faces/10-image.jpg"
        },
        {
            "id": 11,
            "email": "george.edwards@reqres.in",
            "first_name": "George",
            "last_name": "Edwards",
            "avatar": "https://reqres.in/img/faces/11-image.jpg"
        },
        {
            "id": 12,
            "email": "rachel.howell@reqres.in",
            "first_name": "Rachel",
            "last_name": "Howell",
            "avatar": "https://reqres.in/img/faces/12-image.jpg"
        }
    ],
    "support": {
        "url": "https://contentcaddy.io?utm_source=reqres&utm_medium=json&utm_campaign=referral",
        "text": "Tired of writing endless social media content? Let Content Caddy generate it for you."
    },
    "_meta": {
        "powered_by": "ReqRes",
        "docs_url": "https://app.reqres.in/documentation",
        "upgrade_url": "https://app.reqres.in/upgrade",
        "example_url": "https://app.reqres.in/examples/notes-app",
        "variant": "v1_a",
        "message": "Classic ReqRes still works. Projects add persistence, auth, and logs.",
        "cta": {
            "label": "See example app",
            "url": "https://app.reqres.in/examples/notes-app"
        },
        "context": "legacy_success"
    }
}
]]></system-out>
    <system-err><![CDATA[SLF4J: Failed to load class "org.slf4j.impl.StaticLoggerBinder".
SLF4J: Defaulting to no-operation (NOP) logger implementation
SLF4J: See http://www.slf4j.org/codes.html#StaticLoggerBinder for further details.
]]></system-err>
  </testcase>
</testsuite>