<?xml version="1.0" encoding="UTF-8"?>
<testng-results ignored="5" total="6" passed="1" failed="0" skipped="0">
  <reporter-output>
  </reporter-output>
  <suite started-at="2026-03-02T11:55:34 MSK" name="Surefire suite" finished-at="2026-03-02T11:55:39 MSK" duration-ms="5167">
    <groups>
    </groups>
    <test started-at="2026-03-02T11:55:34 MSK" name="Surefire test" finished-at="2026-03-02T11:55:39 MSK" duration-ms="5167">
      <class name="in.reqres.APITests">
        <test-method signature="firstTest()[pri:0, instance:in.reqres.APITests@7d8704ef]" started-at="2026-03-02T11:55:34 MSK" name="firstTest" finished-at="2026-03-02T11:55:39 MSK" duration-ms="4939" status="PASS">
          <reporter-output>
          </reporter-output>
        </test-method> <!-- firstTest -->
      </class> <!-- in.reqres.APITests -->
    </test> <!-- Surefire test -->
  </suite> <!-- Surefire suite -->
</testng-results>
